[15:59:32.97] Debug: Running build Release_2021.0.0_2004 on windows
[15:59:32.98] Info: Starting initialize.
[15:59:32.98] Info: Ending initialize.
[15:59:32.98] Info: Starting iteration 1.
[15:59:32.99] Debug: Parameter userID (sequential) is taken from row 0
[15:59:32.99] Info: Parameter Substitution: 'userID = Mercury'	(./main.js:16:37)
[15:59:32.99] Debug: Parameter userPWD (same as userID) is taken from row 0
[15:59:32.99] Info: Parameter Substitution: 'userPWD = Mercury'	(./main.js:16:61)
[15:59:32.99] Info: Using: [Mercury : Mercury]	(./main.js:16:10)
[15:59:32.99] Info: Transaction 'AOS_landing_page' started.	(./main.js:18:9)
[15:59:33.00] Info: WebRequest [Id: 1] 'http://www.advantageonlineshopping.com/' registered to send (sync).	(./main.js:64:8)
[15:59:33.00] Trace: Request [Id: 1] 'http://www.advantageonlineshopping.com/': 
GET / HTTP/1.1
Host: www.advantageonlineshopping.com
User-Agent: Mozilla/5.0 (Windows NT 6.1; Win64; x64) AppleWebKit/537.36 (KHTML, like Gecko) Chrome/63.0.3239.132 Safari/537.36
Accept: text/html,application/xhtml+xml,application/xml;q=0.9,image/webp,image/apng,*/*;q=0.8
Accept-Encoding: gzip, deflate
Accept-Language: en-US,en;q=0.9
Upgrade-Insecure-Requests: 1


[15:59:33.04] Debug: Request [Id: 1]: GET 'http://www.advantageonlineshopping.com/' started.
[15:59:33.04] Trace: Request [Id: 1]: Connecting tcp socket to host 107.23.171.213:80.
[15:59:33.08] Trace: Request [Id: 1]: Connection to host 107.23.171.213:80 done.
[15:59:33.09] Trace: Request [Id: 1]: New connection from 192.168.172.245:50744 to 107.23.171.213:80 in 43 ms.
[15:59:33.17] Debug: Request [Id: 1]: GET 'http://www.advantageonlineshopping.com/' done. Status 200 . HTTP/1.1
[15:59:33.18] Trace: Response 'http://www.advantageonlineshopping.com/': 
HTTP/1.1 200 
Transfer-Encoding: chunked
Accept-Ranges: bytes
Cache-Control: max-age=0
Connection: keep-alive
Content-Encoding: gzip
Content-Type: text/html
Date: Wed, 10 Feb 2021 15:59:37 GMT
Etag: W/"10827-1612199286000"
Expires: Wed, 10 Feb 2021 15:59:37 GMT
Last-Modified: Mon, 01 Feb 2021 17:08:06 GMT
Server: nginx/1.14.0 (Ubuntu)
Vary: accept-encoding


[15:59:33.20] Trace: Request [Id: 1.24] 'http://www.advantageonlineshopping.com/css/images/Banner1.jpg': 
GET /css/images/Banner1.jpg HTTP/1.1
Host: www.advantageonlineshopping.com
User-Agent: Mozilla/5.0 (Windows NT 6.1; Win64; x64) AppleWebKit/537.36 (KHTML, like Gecko) Chrome/63.0.3239.132 Safari/537.36
Accept: text/html,application/xhtml+xml,application/xml;q=0.9,image/webp,image/apng,*/*;q=0.8
Accept-Encoding: gzip, deflate
Accept-Language: en-US,en;q=0.9
Referer: http://www.advantageonlineshopping.com/
Upgrade-Insecure-Requests: 1


[15:59:33.20] Trace: Request [Id: 1.17] 'http://www.advantageonlineshopping.com/catalog/fetchImage?image_id=1234': 
GET /catalog/fetchImage?image_id=1234 HTTP/1.1
Host: www.advantageonlineshopping.com
User-Agent: Mozilla/5.0 (Windows NT 6.1; Win64; x64) AppleWebKit/537.36 (KHTML, like Gecko) Chrome/63.0.3239.132 Safari/537.36
Accept: text/html,application/xhtml+xml,application/xml;q=0.9,image/webp,image/apng,*/*;q=0.8
Accept-Encoding: gzip, deflate
Accept-Language: en-US,en;q=0.9
Referer: http://www.advantageonlineshopping.com/
Upgrade-Insecure-Requests: 1


[15:59:33.20] Trace: Request [Id: 1.18] 'http://www.advantageonlineshopping.com/css/images/GoUp.png': 
GET /css/images/GoUp.png HTTP/1.1
Host: www.advantageonlineshopping.com
User-Agent: Mozilla/5.0 (Windows NT 6.1; Win64; x64) AppleWebKit/537.36 (KHTML, like Gecko) Chrome/63.0.3239.132 Safari/537.36
Accept: text/html,application/xhtml+xml,application/xml;q=0.9,image/webp,image/apng,*/*;q=0.8
Accept-Encoding: gzip, deflate
Accept-Language: en-US,en;q=0.9
Referer: http://www.advantageonlineshopping.com/
Upgrade-Insecure-Requests: 1


[15:59:33.20] Trace: Request [Id: 1.19] 'http://www.advantageonlineshopping.com/css/images/Special-offer.jpg': 
GET /css/images/Special-offer.jpg HTTP/1.1
Host: www.advantageonlineshopping.com
User-Agent: Mozilla/5.0 (Windows NT 6.1; Win64; x64) AppleWebKit/537.36 (KHTML, like Gecko) Chrome/63.0.3239.132 Safari/537.36
Accept: text/html,application/xhtml+xml,application/xml;q=0.9,image/webp,image/apng,*/*;q=0.8
Accept-Encoding: gzip, deflate
Accept-Language: en-US,en;q=0.9
Referer: http://www.advantageonlineshopping.com/
Upgrade-Insecure-Requests: 1


[15:59:33.20] Trace: Request [Id: 1.20] 'http://www.advantageonlineshopping.com/css/images/chat_logo.png': 
GET /css/images/chat_logo.png HTTP/1.1
Host: www.advantageonlineshopping.com
User-Agent: Mozilla/5.0 (Windows NT 6.1; Win64; x64) AppleWebKit/537.36 (KHTML, like Gecko) Chrome/63.0.3239.132 Safari/537.36
Accept: text/html,application/xhtml+xml,application/xml;q=0.9,image/webp,image/apng,*/*;q=0.8
Accept-Encoding: gzip, deflate
Accept-Language: en-US,en;q=0.9
Referer: http://www.advantageonlineshopping.com/
Upgrade-Insecure-Requests: 1


[15:59:33.20] Trace: Request [Id: 1.21] 'http://www.advantageonlineshopping.com/css/images/facebook.png': 
GET /css/images/facebook.png HTTP/1.1
Host: www.advantageonlineshopping.com
User-Agent: Mozilla/5.0 (Windows NT 6.1; Win64; x64) AppleWebKit/537.36 (KHTML, like Gecko) Chrome/63.0.3239.132 Safari/537.36
Accept: text/html,application/xhtml+xml,application/xml;q=0.9,image/webp,image/apng,*/*;q=0.8
Accept-Encoding: gzip, deflate
Accept-Language: en-US,en;q=0.9
Referer: http://www.advantageonlineshopping.com/
Upgrade-Insecure-Requests: 1


[15:59:33.20] Trace: Request [Id: 1.22] 'http://www.advantageonlineshopping.com/css/images/twitter.png': 
GET /css/images/twitter.png HTTP/1.1
Host: www.advantageonlineshopping.com
User-Agent: Mozilla/5.0 (Windows NT 6.1; Win64; x64) AppleWebKit/537.36 (KHTML, like Gecko) Chrome/63.0.3239.132 Safari/537.36
Accept: text/html,application/xhtml+xml,application/xml;q=0.9,image/webp,image/apng,*/*;q=0.8
Accept-Encoding: gzip, deflate
Accept-Language: en-US,en;q=0.9
Referer: http://www.advantageonlineshopping.com/
Upgrade-Insecure-Requests: 1


[15:59:33.20] Trace: Request [Id: 1.23] 'http://www.advantageonlineshopping.com/css/images/linkedin.png': 
GET /css/images/linkedin.png HTTP/1.1
Host: www.advantageonlineshopping.com
User-Agent: Mozilla/5.0 (Windows NT 6.1; Win64; x64) AppleWebKit/537.36 (KHTML, like Gecko) Chrome/63.0.3239.132 Safari/537.36
Accept: text/html,application/xhtml+xml,application/xml;q=0.9,image/webp,image/apng,*/*;q=0.8
Accept-Encoding: gzip, deflate
Accept-Language: en-US,en;q=0.9
Referer: http://www.advantageonlineshopping.com/
Upgrade-Insecure-Requests: 1


[15:59:33.20] Trace: Request [Id: 1.16] 'http://www.advantageonlineshopping.com/catalog/fetchImage?image_id=1238': 
GET /catalog/fetchImage?image_id=1238 HTTP/1.1
Host: www.advantageonlineshopping.com
User-Agent: Mozilla/5.0 (Windows NT 6.1; Win64; x64) AppleWebKit/537.36 (KHTML, like Gecko) Chrome/63.0.3239.132 Safari/537.36
Accept: text/html,application/xhtml+xml,application/xml;q=0.9,image/webp,image/apng,*/*;q=0.8
Accept-Encoding: gzip, deflate
Accept-Language: en-US,en;q=0.9
Referer: http://www.advantageonlineshopping.com/
Upgrade-Insecure-Requests: 1


[15:59:33.20] Trace: Request [Id: 1.1] 'http://www.advantageonlineshopping.com/css/main.min.css': 
GET /css/main.min.css HTTP/1.1
Host: www.advantageonlineshopping.com
User-Agent: Mozilla/5.0 (Windows NT 6.1; Win64; x64) AppleWebKit/537.36 (KHTML, like Gecko) Chrome/63.0.3239.132 Safari/537.36
Accept: text/html,application/xhtml+xml,application/xml;q=0.9,image/webp,image/apng,*/*;q=0.8
Accept-Encoding: gzip, deflate
Accept-Language: en-US,en;q=0.9
Referer: http://www.advantageonlineshopping.com/
Upgrade-Insecure-Requests: 1


[15:59:33.20] Trace: Request [Id: 1.2] 'http://www.advantageonlineshopping.com/css/images/Down_arrow.svg': 
GET /css/images/Down_arrow.svg HTTP/1.1
Host: www.advantageonlineshopping.com
User-Agent: Mozilla/5.0 (Windows NT 6.1; Win64; x64) AppleWebKit/537.36 (KHTML, like Gecko) Chrome/63.0.3239.132 Safari/537.36
Accept: text/html,application/xhtml+xml,application/xml;q=0.9,image/webp,image/apng,*/*;q=0.8
Accept-Encoding: gzip, deflate
Accept-Language: en-US,en;q=0.9
Referer: http://www.advantageonlineshopping.com/
Upgrade-Insecure-Requests: 1


[15:59:33.20] Trace: Request [Id: 1.3] 'http://www.advantageonlineshopping.com/vendor/requirejs/require.js': 
GET /vendor/requirejs/require.js HTTP/1.1
Host: www.advantageonlineshopping.com
User-Agent: Mozilla/5.0 (Windows NT 6.1; Win64; x64) AppleWebKit/537.36 (KHTML, like Gecko) Chrome/63.0.3239.132 Safari/537.36
Accept: text/html,application/xhtml+xml,application/xml;q=0.9,image/webp,image/apng,*/*;q=0.8
Accept-Encoding: gzip, deflate
Accept-Language: en-US,en;q=0.9
Referer: http://www.advantageonlineshopping.com/
Upgrade-Insecure-Requests: 1


[15:59:33.20] Trace: Request [Id: 1.5] 'http://www.advantageonlineshopping.com/services.properties': 
GET /services.properties HTTP/1.1
Host: www.advantageonlineshopping.com
User-Agent: Mozilla/5.0 (Windows NT 6.1; Win64; x64) AppleWebKit/537.36 (KHTML, like Gecko) Chrome/63.0.3239.132 Safari/537.36
Accept: text/html,application/xhtml+xml,application/xml;q=0.9,image/webp,image/apng,*/*;q=0.8
Accept-Encoding: gzip, deflate
Accept-Language: en-US,en;q=0.9
Referer: http://www.advantageonlineshopping.com/
Upgrade-Insecure-Requests: 1


[15:59:33.20] Trace: Request [Id: 1.4] 'http://www.advantageonlineshopping.com/main.min.js': 
GET /main.min.js HTTP/1.1
Host: www.advantageonlineshopping.com
User-Agent: Mozilla/5.0 (Windows NT 6.1; Win64; x64) AppleWebKit/537.36 (KHTML, like Gecko) Chrome/63.0.3239.132 Safari/537.36
Accept: text/html,application/xhtml+xml,application/xml;q=0.9,image/webp,image/apng,*/*;q=0.8
Accept-Encoding: gzip, deflate
Accept-Language: en-US,en;q=0.9
Referer: http://www.advantageonlineshopping.com/
Upgrade-Insecure-Requests: 1


[15:59:33.20] Trace: Request [Id: 1.6] 'http://www.advantageonlineshopping.com/catalog/api/v1/categories/all_data': 
GET /catalog/api/v1/categories/all_data HTTP/1.1
Host: www.advantageonlineshopping.com
User-Agent: Mozilla/5.0 (Windows NT 6.1; Win64; x64) AppleWebKit/537.36 (KHTML, like Gecko) Chrome/63.0.3239.132 Safari/537.36
Accept: text/html,application/xhtml+xml,application/xml;q=0.9,image/webp,image/apng,*/*;q=0.8
Accept-Encoding: gzip, deflate
Accept-Language: en-US,en;q=0.9
Referer: http://www.advantageonlineshopping.com/
Upgrade-Insecure-Requests: 1


[15:59:33.20] Trace: Request [Id: 1.7] 'http://www.advantageonlineshopping.com/catalog/api/v1/DemoAppConfig/parameters/by_tool/ALL': 
GET /catalog/api/v1/DemoAppConfig/parameters/by_tool/ALL HTTP/1.1
Host: www.advantageonlineshopping.com
User-Agent: Mozilla/5.0 (Windows NT 6.1; Win64; x64) AppleWebKit/537.36 (KHTML, like Gecko) Chrome/63.0.3239.132 Safari/537.36
Accept: text/html,application/xhtml+xml,application/xml;q=0.9,image/webp,image/apng,*/*;q=0.8
Accept-Encoding: gzip, deflate
Accept-Language: en-US,en;q=0.9
Referer: http://www.advantageonlineshopping.com/
Upgrade-Insecure-Requests: 1


[15:59:33.20] Trace: Request [Id: 1.28] 'http://www.advantageonlineshopping.com/css/images/Popular-item2.jpg': 
GET /css/images/Popular-item2.jpg HTTP/1.1
Host: www.advantageonlineshopping.com
User-Agent: Mozilla/5.0 (Windows NT 6.1; Win64; x64) AppleWebKit/537.36 (KHTML, like Gecko) Chrome/63.0.3239.132 Safari/537.36
Accept: text/html,application/xhtml+xml,application/xml;q=0.9,image/webp,image/apng,*/*;q=0.8
Accept-Encoding: gzip, deflate
Accept-Language: en-US,en;q=0.9
Referer: http://www.advantageonlineshopping.com/
Upgrade-Insecure-Requests: 1


[15:59:33.20] Trace: Request [Id: 1.8] 'http://www.advantageonlineshopping.com/css/images/logo.png': 
GET /css/images/logo.png HTTP/1.1
Host: www.advantageonlineshopping.com
User-Agent: Mozilla/5.0 (Windows NT 6.1; Win64; x64) AppleWebKit/537.36 (KHTML, like Gecko) Chrome/63.0.3239.132 Safari/537.36
Accept: text/html,application/xhtml+xml,application/xml;q=0.9,image/webp,image/apng,*/*;q=0.8
Accept-Encoding: gzip, deflate
Accept-Language: en-US,en;q=0.9
Referer: http://www.advantageonlineshopping.com/
Upgrade-Insecure-Requests: 1


[15:59:33.20] Trace: Request [Id: 1.25] 'http://www.advantageonlineshopping.com/css/images/Banner2.jpg': 
GET /css/images/Banner2.jpg HTTP/1.1
Host: www.advantageonlineshopping.com
User-Agent: Mozilla/5.0 (Windows NT 6.1; Win64; x64) AppleWebKit/537.36 (KHTML, like Gecko) Chrome/63.0.3239.132 Safari/537.36
Accept: text/html,application/xhtml+xml,application/xml;q=0.9,image/webp,image/apng,*/*;q=0.8
Accept-Encoding: gzip, deflate
Accept-Language: en-US,en;q=0.9
Referer: http://www.advantageonlineshopping.com/
Upgrade-Insecure-Requests: 1


[15:59:33.20] Trace: Request [Id: 1.26] 'http://www.advantageonlineshopping.com/css/images/Banner3.jpg': 
GET /css/images/Banner3.jpg HTTP/1.1
Host: www.advantageonlineshopping.com
User-Agent: Mozilla/5.0 (Windows NT 6.1; Win64; x64) AppleWebKit/537.36 (KHTML, like Gecko) Chrome/63.0.3239.132 Safari/537.36
Accept: text/html,application/xhtml+xml,application/xml;q=0.9,image/webp,image/apng,*/*;q=0.8
Accept-Encoding: gzip, deflate
Accept-Language: en-US,en;q=0.9
Referer: http://www.advantageonlineshopping.com/
Upgrade-Insecure-Requests: 1


[15:59:33.20] Trace: Request [Id: 1.27] 'http://www.advantageonlineshopping.com/css/images/Popular-item3.jpg': 
GET /css/images/Popular-item3.jpg HTTP/1.1
Host: www.advantageonlineshopping.com
User-Agent: Mozilla/5.0 (Windows NT 6.1; Win64; x64) AppleWebKit/537.36 (KHTML, like Gecko) Chrome/63.0.3239.132 Safari/537.36
Accept: text/html,application/xhtml+xml,application/xml;q=0.9,image/webp,image/apng,*/*;q=0.8
Accept-Encoding: gzip, deflate
Accept-Language: en-US,en;q=0.9
Referer: http://www.advantageonlineshopping.com/
Upgrade-Insecure-Requests: 1


[15:59:33.20] Trace: Request [Id: 1.9] 'http://www.advantageonlineshopping.com/css/images/closeDark.png': 
GET /css/images/closeDark.png HTTP/1.1
Host: www.advantageonlineshopping.com
User-Agent: Mozilla/5.0 (Windows NT 6.1; Win64; x64) AppleWebKit/537.36 (KHTML, like Gecko) Chrome/63.0.3239.132 Safari/537.36
Accept: text/html,application/xhtml+xml,application/xml;q=0.9,image/webp,image/apng,*/*;q=0.8
Accept-Encoding: gzip, deflate
Accept-Language: en-US,en;q=0.9
Referer: http://www.advantageonlineshopping.com/
Upgrade-Insecure-Requests: 1


[15:59:33.20] Trace: Request [Id: 1.10] 'http://www.advantageonlineshopping.com/catalog/api/v1/categories': 
GET /catalog/api/v1/categories HTTP/1.1
Host: www.advantageonlineshopping.com
User-Agent: Mozilla/5.0 (Windows NT 6.1; Win64; x64) AppleWebKit/537.36 (KHTML, like Gecko) Chrome/63.0.3239.132 Safari/537.36
Accept: text/html,application/xhtml+xml,application/xml;q=0.9,image/webp,image/apng,*/*;q=0.8
Accept-Encoding: gzip, deflate
Accept-Language: en-US,en;q=0.9
Referer: http://www.advantageonlineshopping.com/
Upgrade-Insecure-Requests: 1


[15:59:33.20] Trace: Request [Id: 1.14] 'http://www.advantageonlineshopping.com/catalog/fetchImage?image_id=1236': 
GET /catalog/fetchImage?image_id=1236 HTTP/1.1
Host: www.advantageonlineshopping.com
User-Agent: Mozilla/5.0 (Windows NT 6.1; Win64; x64) AppleWebKit/537.36 (KHTML, like Gecko) Chrome/63.0.3239.132 Safari/537.36
Accept: text/html,application/xhtml+xml,application/xml;q=0.9,image/webp,image/apng,*/*;q=0.8
Accept-Encoding: gzip, deflate
Accept-Language: en-US,en;q=0.9
Referer: http://www.advantageonlineshopping.com/
Upgrade-Insecure-Requests: 1


[15:59:33.20] Trace: Request [Id: 1.11] 'http://www.advantageonlineshopping.com/catalog/api/v1/deals/search?dealOfTheDay=true': 
GET /catalog/api/v1/deals/search?dealOfTheDay=true HTTP/1.1
Host: www.advantageonlineshopping.com
User-Agent: Mozilla/5.0 (Windows NT 6.1; Win64; x64) AppleWebKit/537.36 (KHTML, like Gecko) Chrome/63.0.3239.132 Safari/537.36
Accept: text/html,application/xhtml+xml,application/xml;q=0.9,image/webp,image/apng,*/*;q=0.8
Accept-Encoding: gzip, deflate
Accept-Language: en-US,en;q=0.9
Referer: http://www.advantageonlineshopping.com/
Upgrade-Insecure-Requests: 1


[15:59:33.20] Trace: Request [Id: 1.15] 'http://www.advantageonlineshopping.com/catalog/fetchImage?image_id=1235': 
GET /catalog/fetchImage?image_id=1235 HTTP/1.1
Host: www.advantageonlineshopping.com
User-Agent: Mozilla/5.0 (Windows NT 6.1; Win64; x64) AppleWebKit/537.36 (KHTML, like Gecko) Chrome/63.0.3239.132 Safari/537.36
Accept: text/html,application/xhtml+xml,application/xml;q=0.9,image/webp,image/apng,*/*;q=0.8
Accept-Encoding: gzip, deflate
Accept-Language: en-US,en;q=0.9
Referer: http://www.advantageonlineshopping.com/
Upgrade-Insecure-Requests: 1


[15:59:33.20] Trace: Request [Id: 1.12] 'http://www.advantageonlineshopping.com/css/images/arrow_right.png': 
GET /css/images/arrow_right.png HTTP/1.1
Host: www.advantageonlineshopping.com
User-Agent: Mozilla/5.0 (Windows NT 6.1; Win64; x64) AppleWebKit/537.36 (KHTML, like Gecko) Chrome/63.0.3239.132 Safari/537.36
Accept: text/html,application/xhtml+xml,application/xml;q=0.9,image/webp,image/apng,*/*;q=0.8
Accept-Encoding: gzip, deflate
Accept-Language: en-US,en;q=0.9
Referer: http://www.advantageonlineshopping.com/
Upgrade-Insecure-Requests: 1


[15:59:33.20] Trace: Request [Id: 1.13] 'http://www.advantageonlineshopping.com/catalog/fetchImage?image_id=1237': 
GET /catalog/fetchImage?image_id=1237 HTTP/1.1
Host: www.advantageonlineshopping.com
User-Agent: Mozilla/5.0 (Windows NT 6.1; Win64; x64) AppleWebKit/537.36 (KHTML, like Gecko) Chrome/63.0.3239.132 Safari/537.36
Accept: text/html,application/xhtml+xml,application/xml;q=0.9,image/webp,image/apng,*/*;q=0.8
Accept-Encoding: gzip, deflate
Accept-Language: en-US,en;q=0.9
Referer: http://www.advantageonlineshopping.com/
Upgrade-Insecure-Requests: 1


[15:59:33.20] Trace: Request [Id: 1.29] 'http://www.advantageonlineshopping.com/css/images/Popular-item1.jpg': 
GET /css/images/Popular-item1.jpg HTTP/1.1
Host: www.advantageonlineshopping.com
User-Agent: Mozilla/5.0 (Windows NT 6.1; Win64; x64) AppleWebKit/537.36 (KHTML, like Gecko) Chrome/63.0.3239.132 Safari/537.36
Accept: text/html,application/xhtml+xml,application/xml;q=0.9,image/webp,image/apng,*/*;q=0.8
Accept-Encoding: gzip, deflate
Accept-Language: en-US,en;q=0.9
Referer: http://www.advantageonlineshopping.com/
Upgrade-Insecure-Requests: 1


[15:59:33.25] Debug: Request [Id: 1.24]: GET 'http://www.advantageonlineshopping.com/css/images/Banner1.jpg' started.
[15:59:33.27] Debug: Request [Id: 1.17]: GET 'http://www.advantageonlineshopping.com/catalog/fetchImage?image_id=1234' started.
[15:59:33.28] Debug: Request [Id: 1.18]: GET 'http://www.advantageonlineshopping.com/css/images/GoUp.png' started.
[15:59:33.31] Debug: Request [Id: 1.19]: GET 'http://www.advantageonlineshopping.com/css/images/Special-offer.jpg' started.
[15:59:33.36] Debug: Request [Id: 1.20]: GET 'http://www.advantageonlineshopping.com/css/images/chat_logo.png' started.
[15:59:33.36] Debug: Request [Id: 1.21]: GET 'http://www.advantageonlineshopping.com/css/images/facebook.png' started.
[15:59:33.36] Debug: Request [Id: 1.22]: GET 'http://www.advantageonlineshopping.com/css/images/twitter.png' started.
[15:59:33.38] Debug: Request [Id: 1.23]: GET 'http://www.advantageonlineshopping.com/css/images/linkedin.png' started.
[15:59:33.41] Debug: Request [Id: 1.16]: GET 'http://www.advantageonlineshopping.com/catalog/fetchImage?image_id=1238' started.
[15:59:33.44] Debug: Request [Id: 1.1]: GET 'http://www.advantageonlineshopping.com/css/main.min.css' started.
[15:59:33.48] Debug: Request [Id: 1.2]: GET 'http://www.advantageonlineshopping.com/css/images/Down_arrow.svg' started.
[15:59:33.50] Debug: Request [Id: 1.3]: GET 'http://www.advantageonlineshopping.com/vendor/requirejs/require.js' started.
[15:59:33.51] Debug: Request [Id: 1.5]: GET 'http://www.advantageonlineshopping.com/services.properties' started.
[15:59:33.59] Debug: Request [Id: 1.4]: GET 'http://www.advantageonlineshopping.com/main.min.js' started.
[15:59:33.61] Debug: Request [Id: 1.6]: GET 'http://www.advantageonlineshopping.com/catalog/api/v1/categories/all_data' started.
[15:59:33.64] Debug: Request [Id: 1.7]: GET 'http://www.advantageonlineshopping.com/catalog/api/v1/DemoAppConfig/parameters/by_tool/ALL' started.
[15:59:33.69] Debug: Request [Id: 1.28]: GET 'http://www.advantageonlineshopping.com/css/images/Popular-item2.jpg' started.
[15:59:33.71] Debug: Request [Id: 1.8]: GET 'http://www.advantageonlineshopping.com/css/images/logo.png' started.
[15:59:33.75] Debug: Request [Id: 1.25]: GET 'http://www.advantageonlineshopping.com/css/images/Banner2.jpg' started.
[15:59:33.77] Debug: Request [Id: 1.26]: GET 'http://www.advantageonlineshopping.com/css/images/Banner3.jpg' started.
[15:59:33.81] Debug: Request [Id: 1.27]: GET 'http://www.advantageonlineshopping.com/css/images/Popular-item3.jpg' started.
[15:59:33.83] Debug: Request [Id: 1.9]: GET 'http://www.advantageonlineshopping.com/css/images/closeDark.png' started.
[15:59:33.88] Debug: Request [Id: 1.10]: GET 'http://www.advantageonlineshopping.com/catalog/api/v1/categories' started.
[15:59:33.92] Debug: Request [Id: 1.14]: GET 'http://www.advantageonlineshopping.com/catalog/fetchImage?image_id=1236' started.
[15:59:33.98] Debug: Request [Id: 1.11]: GET 'http://www.advantageonlineshopping.com/catalog/api/v1/deals/search?dealOfTheDay=true' started.
[15:59:34.04] Debug: Request [Id: 1.15]: GET 'http://www.advantageonlineshopping.com/catalog/fetchImage?image_id=1235' started.
[15:59:34.08] Debug: Request [Id: 1.12]: GET 'http://www.advantageonlineshopping.com/css/images/arrow_right.png' started.
[15:59:34.12] Debug: Request [Id: 1.13]: GET 'http://www.advantageonlineshopping.com/catalog/fetchImage?image_id=1237' started.
[15:59:34.16] Debug: Request [Id: 1.29]: GET 'http://www.advantageonlineshopping.com/css/images/Popular-item1.jpg' started.
[15:59:34.18] Trace: Request [Id: 1.24]: Connection reused from 192.168.172.245:50744 to 107.23.171.213:80.
[15:59:34.23] Trace: Request [Id: 1.17]: Connecting tcp socket to host 107.23.171.213:80.
[15:59:34.24] Trace: Request [Id: 1.18]: Connecting tcp socket to host 107.23.171.213:80.
[15:59:34.28] Trace: Request [Id: 1.19]: Connecting tcp socket to host 107.23.171.213:80.
[15:59:34.28] Trace: Request [Id: 1.20]: Connecting tcp socket to host 107.23.171.213:80.
[15:59:34.32] Trace: Request [Id: 1.21]: Connecting tcp socket to host 107.23.171.213:80.
[15:59:34.96] Debug: Request [Id: 1.24]: GET 'http://www.advantageonlineshopping.com/css/images/Banner1.jpg' done. Status 200 . HTTP/1.1
[15:59:34.96] Trace: Response 'http://www.advantageonlineshopping.com/css/images/Banner1.jpg': 
HTTP/1.1 200 
Content-Length: 496378
Accept-Ranges: bytes
Cache-Control: max-age=864000
Connection: keep-alive
Content-Type: image/jpeg
Date: Wed, 10 Feb 2021 15:59:39 GMT
Etag: W/"496378-1612199286000"
Expires: Sat, 20 Feb 2021 15:59:39 GMT
Last-Modified: Mon, 01 Feb 2021 17:08:06 GMT
Server: nginx/1.14.0 (Ubuntu)


[15:59:35.00] Trace: Request [Id: 1.17]: Connection to host 107.23.171.213:80 done.
[15:59:35.00] Trace: Request [Id: 1.17]: New connection from 192.168.172.245:50775 to 107.23.171.213:80 in 774 ms.
[15:59:35.07] Trace: Request [Id: 1.20]: Connection to host 107.23.171.213:80 done.
[15:59:35.07] Trace: Request [Id: 1.18]: Connection to host 107.23.171.213:80 done.
[15:59:35.07] Trace: Request [Id: 1.19]: Connection to host 107.23.171.213:80 done.
[15:59:35.07] Trace: Request [Id: 1.20]: New connection from 192.168.172.245:50781 to 107.23.171.213:80 in 787 ms.
[15:59:35.07] Trace: Request [Id: 1.18]: New connection from 192.168.172.245:50777 to 107.23.171.213:80 in 828 ms.
[15:59:35.07] Trace: Request [Id: 1.19]: New connection from 192.168.172.245:50779 to 107.23.171.213:80 in 789 ms.
[15:59:35.07] Trace: Request [Id: 1.21]: Connection to host 107.23.171.213:80 done.
[15:59:35.07] Trace: Request [Id: 1.21]: New connection from 192.168.172.245:50780 to 107.23.171.213:80 in 751 ms.
[15:59:35.76] Debug: Request [Id: 1.17]: GET 'http://www.advantageonlineshopping.com/catalog/fetchImage?image_id=1234' done. Status 500 . HTTP/1.1
[15:59:35.76] Trace: Response 'http://www.advantageonlineshopping.com/catalog/fetchImage?image_id=1234': 
HTTP/1.1 500 
Content-Length: 298
Connection: keep-alive
Content-Language: en-US
Content-Type: text/html;charset=UTF-8
Date: Wed, 10 Feb 2021 15:59:40 GMT
Server: nginx/1.14.0 (Ubuntu)


[15:59:35.76] Trace: Request [Id: 1.22]: Connection reused from 192.168.172.245:50775 to 107.23.171.213:80.
[15:59:35.76] Warning: HTTP Status-Code=500 for 'http://www.advantageonlineshopping.com/catalog/fetchImage?image_id=1234'.
[15:59:35.76] Trace: Response body: 
[15:59:35.84] Debug: Request [Id: 1.19]: GET 'http://www.advantageonlineshopping.com/css/images/Special-offer.jpg' done. Status 200 . HTTP/1.1
[15:59:35.84] Trace: Response 'http://www.advantageonlineshopping.com/css/images/Special-offer.jpg': 
HTTP/1.1 200 
Content-Length: 80826
Accept-Ranges: bytes
Cache-Control: max-age=864000
Connection: keep-alive
Content-Type: image/jpeg
Date: Wed, 10 Feb 2021 15:59:40 GMT
Etag: W/"80826-1612199286000"
Expires: Sat, 20 Feb 2021 15:59:40 GMT
Last-Modified: Mon, 01 Feb 2021 17:08:06 GMT
Server: nginx/1.14.0 (Ubuntu)


[15:59:35.86] Debug: Request [Id: 1.18]: GET 'http://www.advantageonlineshopping.com/css/images/GoUp.png' done. Status 200 . HTTP/1.1
[15:59:35.86] Trace: Response 'http://www.advantageonlineshopping.com/css/images/GoUp.png': 
HTTP/1.1 200 
Content-Length: 2114
Accept-Ranges: bytes
Cache-Control: max-age=864000
Connection: keep-alive
Content-Type: image/png
Date: Wed, 10 Feb 2021 15:59:40 GMT
Etag: W/"2114-1612199286000"
Expires: Sat, 20 Feb 2021 15:59:40 GMT
Last-Modified: Mon, 01 Feb 2021 17:08:06 GMT
Server: nginx/1.14.0 (Ubuntu)


[15:59:35.86] Trace: Request [Id: 1.23]: Connection reused from 192.168.172.245:50777 to 107.23.171.213:80.
[15:59:35.86] Debug: Request [Id: 1.20]: GET 'http://www.advantageonlineshopping.com/css/images/chat_logo.png' done. Status 200 . HTTP/1.1
[15:59:35.86] Trace: Response 'http://www.advantageonlineshopping.com/css/images/chat_logo.png': 
HTTP/1.1 200 
Content-Length: 3003
Accept-Ranges: bytes
Cache-Control: max-age=864000
Connection: keep-alive
Content-Type: image/png
Date: Wed, 10 Feb 2021 15:59:40 GMT
Etag: W/"3003-1612199286000"
Expires: Sat, 20 Feb 2021 15:59:40 GMT
Last-Modified: Mon, 01 Feb 2021 17:08:06 GMT
Server: nginx/1.14.0 (Ubuntu)


[15:59:35.86] Trace: Request [Id: 1.16]: Connection reused from 192.168.172.245:50781 to 107.23.171.213:80.
[15:59:35.98] Debug: Request [Id: 1.21]: GET 'http://www.advantageonlineshopping.com/css/images/facebook.png' done. Status 200 . HTTP/1.1
[15:59:35.98] Trace: Response 'http://www.advantageonlineshopping.com/css/images/facebook.png': 
HTTP/1.1 200 
Content-Length: 1583
Accept-Ranges: bytes
Cache-Control: max-age=864000
Connection: keep-alive
Content-Type: image/png
Date: Wed, 10 Feb 2021 15:59:40 GMT
Etag: W/"1583-1612199286000"
Expires: Sat, 20 Feb 2021 15:59:40 GMT
Last-Modified: Mon, 01 Feb 2021 17:08:06 GMT
Server: nginx/1.14.0 (Ubuntu)


[15:59:35.98] Trace: Request [Id: 1.1]: Connection reused from 192.168.172.245:50780 to 107.23.171.213:80.
[15:59:36.75] Debug: Request [Id: 1.22]: GET 'http://www.advantageonlineshopping.com/css/images/twitter.png' done. Status 200 . HTTP/1.1
[15:59:36.75] Trace: Response 'http://www.advantageonlineshopping.com/css/images/twitter.png': 
HTTP/1.1 200 
Content-Length: 2064
Accept-Ranges: bytes
Cache-Control: max-age=864000
Connection: keep-alive
Content-Type: image/png
Date: Wed, 10 Feb 2021 15:59:41 GMT
Etag: W/"2064-1612199286000"
Expires: Sat, 20 Feb 2021 15:59:41 GMT
Last-Modified: Mon, 01 Feb 2021 17:08:06 GMT
Server: nginx/1.14.0 (Ubuntu)


[15:59:36.75] Trace: Request [Id: 1.2]: Connection reused from 192.168.172.245:50775 to 107.23.171.213:80.
[15:59:36.85] Debug: Request [Id: 1.16]: GET 'http://www.advantageonlineshopping.com/catalog/fetchImage?image_id=1238' done. Status 500 . HTTP/1.1
[15:59:36.85] Trace: Response 'http://www.advantageonlineshopping.com/catalog/fetchImage?image_id=1238': 
HTTP/1.1 500 
Content-Length: 298
Connection: keep-alive
Content-Language: en-US
Content-Type: text/html;charset=UTF-8
Date: Wed, 10 Feb 2021 15:59:41 GMT
Server: nginx/1.14.0 (Ubuntu)


[15:59:36.85] Debug: Request [Id: 1.23]: GET 'http://www.advantageonlineshopping.com/css/images/linkedin.png' done. Status 200 . HTTP/1.1
[15:59:36.85] Trace: Response 'http://www.advantageonlineshopping.com/css/images/linkedin.png': 
HTTP/1.1 200 
Content-Length: 1707
Accept-Ranges: bytes
Cache-Control: max-age=864000
Connection: keep-alive
Content-Type: image/png
Date: Wed, 10 Feb 2021 15:59:41 GMT
Etag: W/"1707-1612199286000"
Expires: Sat, 20 Feb 2021 15:59:41 GMT
Last-Modified: Mon, 01 Feb 2021 17:08:06 GMT
Server: nginx/1.14.0 (Ubuntu)


[15:59:36.85] Trace: Request [Id: 1.3]: Connection reused from 192.168.172.245:50781 to 107.23.171.213:80.
[15:59:36.85] Warning: HTTP Status-Code=500 for 'http://www.advantageonlineshopping.com/catalog/fetchImage?image_id=1238'.
[15:59:36.85] Trace: Response body: 
[15:59:36.85] Trace: Request [Id: 1.5]: Connection reused from 192.168.172.245:50777 to 107.23.171.213:80.
[15:59:36.93] Debug: Request [Id: 1.1]: GET 'http://www.advantageonlineshopping.com/css/main.min.css' done. Status 200 . HTTP/1.1
[15:59:36.93] Trace: Response 'http://www.advantageonlineshopping.com/css/main.min.css': 
HTTP/1.1 200 
Transfer-Encoding: chunked
Accept-Ranges: bytes
Cache-Control: max-age=36000
Connection: keep-alive
Content-Encoding: gzip
Content-Type: text/css
Date: Wed, 10 Feb 2021 15:59:41 GMT
Etag: W/"170700-1612199286000"
Expires: Thu, 11 Feb 2021 01:59:41 GMT
Last-Modified: Mon, 01 Feb 2021 17:08:06 GMT
Server: nginx/1.14.0 (Ubuntu)
Vary: accept-encoding


[15:59:37.61] Debug: Request [Id: 1.2]: GET 'http://www.advantageonlineshopping.com/css/images/Down_arrow.svg' done. Status 200 . HTTP/1.1
[15:59:37.61] Trace: Response 'http://www.advantageonlineshopping.com/css/images/Down_arrow.svg': 
HTTP/1.1 200 
Content-Length: 795
Accept-Ranges: bytes
Cache-Control: max-age=864000
Connection: keep-alive
Content-Type: image/svg+xml
Date: Wed, 10 Feb 2021 15:59:42 GMT
Etag: W/"795-1612199286000"
Expires: Sat, 20 Feb 2021 15:59:42 GMT
Last-Modified: Mon, 01 Feb 2021 17:08:06 GMT
Server: nginx/1.14.0 (Ubuntu)


[15:59:37.61] Trace: Request [Id: 1.4]: Connection reused from 192.168.172.245:50775 to 107.23.171.213:80.
[15:59:37.65] Trace: Request [Id: 1.6]: Connection reused from 192.168.172.245:50779 to 107.23.171.213:80.
[15:59:37.82] Debug: Request [Id: 1.3]: GET 'http://www.advantageonlineshopping.com/vendor/requirejs/require.js' done. Status 200 . HTTP/1.1
[15:59:37.82] Trace: Response 'http://www.advantageonlineshopping.com/vendor/requirejs/require.js': 
HTTP/1.1 200 
Transfer-Encoding: chunked
Accept-Ranges: bytes
Cache-Control: max-age=600
Connection: keep-alive
Content-Encoding: gzip
Content-Type: application/javascript
Date: Wed, 10 Feb 2021 15:59:42 GMT
Etag: W/"85921-1556724020000"
Expires: Wed, 10 Feb 2021 16:09:42 GMT
Last-Modified: Wed, 01 May 2019 15:20:20 GMT
Server: nginx/1.14.0 (Ubuntu)
Vary: accept-encoding


[15:59:37.84] Debug: Request [Id: 1.5]: GET 'http://www.advantageonlineshopping.com/services.properties' done. Status 200 . HTTP/1.1
[15:59:37.84] Trace: Response 'http://www.advantageonlineshopping.com/services.properties': 
HTTP/1.1 200 
Content-Length: 1016
Accept-Ranges: bytes
Cache-Control: max-age=0
Connection: keep-alive
Date: Wed, 10 Feb 2021 15:59:42 GMT
Etag: W/"1016-1612254062379"
Expires: Wed, 10 Feb 2021 15:59:42 GMT
Last-Modified: Tue, 02 Feb 2021 08:21:02 GMT
Server: nginx/1.14.0 (Ubuntu)


[15:59:37.84] Trace: Request [Id: 1.7]: Connection reused from 192.168.172.245:50777 to 107.23.171.213:80.
[15:59:37.93] Trace: Request [Id: 1.28]: Connection reused from 192.168.172.245:50780 to 107.23.171.213:80.
[15:59:38.68] Debug: Request [Id: 1.4]: GET 'http://www.advantageonlineshopping.com/main.min.js' done. Status 200 . HTTP/1.1
[15:59:38.68] Trace: Response 'http://www.advantageonlineshopping.com/main.min.js': 
HTTP/1.1 200 
Transfer-Encoding: chunked
Accept-Ranges: bytes
Cache-Control: max-age=600
Connection: keep-alive
Content-Encoding: gzip
Content-Type: application/javascript
Date: Wed, 10 Feb 2021 15:59:43 GMT
Etag: W/"1137216-1612199286000"
Expires: Wed, 10 Feb 2021 16:09:43 GMT
Last-Modified: Mon, 01 Feb 2021 17:08:06 GMT
Server: nginx/1.14.0 (Ubuntu)
Vary: accept-encoding


[15:59:38.78] Trace: Request [Id: 1.8]: Connection reused from 192.168.172.245:50781 to 107.23.171.213:80.
[15:59:38.81] Debug: Request [Id: 1.7]: GET 'http://www.advantageonlineshopping.com/catalog/api/v1/DemoAppConfig/parameters/by_tool/ALL' done. Status 200 . HTTP/1.1
[15:59:38.81] Trace: Response 'http://www.advantageonlineshopping.com/catalog/api/v1/DemoAppConfig/parameters/by_tool/ALL': 
HTTP/1.1 200 
Transfer-Encoding: chunked
Cache-Control: no-store
Connection: keep-alive
Content-Encoding: gzip
Content-Type: application/json
Date: Wed, 10 Feb 2021 15:59:43 GMT
Expires: 0
Server: nginx/1.14.0 (Ubuntu)
Vary: accept-encoding
X-Content-Type-Options: nosniff
X-Frame-Options: DENY
X-Xss-Protection: 1; mode=block


[15:59:38.82] Trace: Request [Id: 1.25]: Connection reused from 192.168.172.245:50777 to 107.23.171.213:80.
[15:59:38.91] Debug: Request [Id: 1.28]: GET 'http://www.advantageonlineshopping.com/css/images/Popular-item2.jpg' done. Status 200 . HTTP/1.1
[15:59:38.91] Trace: Response 'http://www.advantageonlineshopping.com/css/images/Popular-item2.jpg': 
HTTP/1.1 200 
Content-Length: 28087
Accept-Ranges: bytes
Cache-Control: max-age=864000
Connection: keep-alive
Content-Type: image/jpeg
Date: Wed, 10 Feb 2021 15:59:43 GMT
Etag: W/"28087-1612199286000"
Expires: Sat, 20 Feb 2021 15:59:43 GMT
Last-Modified: Mon, 01 Feb 2021 17:08:06 GMT
Server: nginx/1.14.0 (Ubuntu)


[15:59:38.94] Trace: Request [Id: 1.26]: Connection reused from 192.168.172.245:50780 to 107.23.171.213:80.
[15:59:39.03] Debug: Request [Id: 1.6]: GET 'http://www.advantageonlineshopping.com/catalog/api/v1/categories/all_data' done. Status 200 . HTTP/1.1
[15:59:39.03] Trace: Response 'http://www.advantageonlineshopping.com/catalog/api/v1/categories/all_data': 
HTTP/1.1 200 
Transfer-Encoding: chunked
Cache-Control: no-store
Connection: keep-alive
Content-Encoding: gzip
Content-Type: application/json
Date: Wed, 10 Feb 2021 15:59:43 GMT
Expires: 0
Server: nginx/1.14.0 (Ubuntu)
Vary: accept-encoding
X-Content-Type-Options: nosniff
X-Frame-Options: DENY
X-Xss-Protection: 1; mode=block


[15:59:39.04] Trace: Request [Id: 1.27]: Connection reused from 192.168.172.245:50779 to 107.23.171.213:80.
[15:59:40.71] Debug: Request [Id: 1.26]: GET 'http://www.advantageonlineshopping.com/css/images/Banner3.jpg' done. Status 200 . HTTP/1.1
[15:59:40.71] Trace: Response 'http://www.advantageonlineshopping.com/css/images/Banner3.jpg': 
HTTP/1.1 200 
Content-Length: 68456
Accept-Ranges: bytes
Cache-Control: max-age=864000
Connection: keep-alive
Content-Type: image/jpeg
Date: Wed, 10 Feb 2021 15:59:45 GMT
Etag: W/"68456-1612199286000"
Expires: Sat, 20 Feb 2021 15:59:45 GMT
Last-Modified: Mon, 01 Feb 2021 17:08:06 GMT
Server: nginx/1.14.0 (Ubuntu)


[15:59:40.93] Debug: Request [Id: 1.27]: GET 'http://www.advantageonlineshopping.com/css/images/Popular-item3.jpg' done. Status 200 . HTTP/1.1
[15:59:40.93] Trace: Response 'http://www.advantageonlineshopping.com/css/images/Popular-item3.jpg': 
HTTP/1.1 200 
Content-Length: 25978
Accept-Ranges: bytes
Cache-Control: max-age=864000
Connection: keep-alive
Content-Type: image/jpeg
Date: Wed, 10 Feb 2021 15:59:45 GMT
Etag: W/"25978-1612199286000"
Expires: Sat, 20 Feb 2021 15:59:45 GMT
Last-Modified: Mon, 01 Feb 2021 17:08:06 GMT
Server: nginx/1.14.0 (Ubuntu)


[15:59:40.94] Trace: Request [Id: 1.9]: Connection reused from 192.168.172.245:50779 to 107.23.171.213:80.
[15:59:42.92] Trace: Request [Id: 1.10]: Connection reused from 192.168.172.245:50780 to 107.23.171.213:80.
[15:59:43.10] Debug: Request [Id: 1.9]: GET 'http://www.advantageonlineshopping.com/css/images/closeDark.png' done. Status 200 . HTTP/1.1
[15:59:43.10] Trace: Response 'http://www.advantageonlineshopping.com/css/images/closeDark.png': 
HTTP/1.1 200 
Content-Length: 1098
Accept-Ranges: bytes
Cache-Control: max-age=864000
Connection: keep-alive
Content-Type: image/png
Date: Wed, 10 Feb 2021 15:59:47 GMT
Etag: W/"1098-1612199286000"
Expires: Sat, 20 Feb 2021 15:59:47 GMT
Last-Modified: Mon, 01 Feb 2021 17:08:06 GMT
Server: nginx/1.14.0 (Ubuntu)


[15:59:43.10] Trace: Request [Id: 1.14]: Connection reused from 192.168.172.245:50779 to 107.23.171.213:80.
[15:59:44.19] Trace: Request [Id: 1.11]: Connection reused from 192.168.172.245:50744 to 107.23.171.213:80.
[15:59:44.45] Debug: Request [Id: 1.8]: GET 'http://www.advantageonlineshopping.com/css/images/logo.png' done. Status 200 . HTTP/1.1
[15:59:44.45] Trace: Response 'http://www.advantageonlineshopping.com/css/images/logo.png': 
HTTP/1.1 200 
Content-Length: 2645
Accept-Ranges: bytes
Cache-Control: max-age=864000
Connection: keep-alive
Content-Type: image/png
Date: Wed, 10 Feb 2021 15:59:44 GMT
Etag: W/"2645-1612199286000"
Expires: Sat, 20 Feb 2021 15:59:44 GMT
Last-Modified: Mon, 01 Feb 2021 17:08:06 GMT
Server: nginx/1.14.0 (Ubuntu)


[15:59:44.46] Debug: Request [Id: 1.25]: GET 'http://www.advantageonlineshopping.com/css/images/Banner2.jpg' done. Status 200 . HTTP/1.1
[15:59:44.46] Trace: Response 'http://www.advantageonlineshopping.com/css/images/Banner2.jpg': 
HTTP/1.1 200 
Content-Length: 85091
Accept-Ranges: bytes
Cache-Control: max-age=864000
Connection: keep-alive
Content-Type: image/jpeg
Date: Wed, 10 Feb 2021 15:59:44 GMT
Etag: W/"85091-1612199286000"
Expires: Sat, 20 Feb 2021 15:59:44 GMT
Last-Modified: Mon, 01 Feb 2021 17:08:06 GMT
Server: nginx/1.14.0 (Ubuntu)


[15:59:45.03] Debug: Request [Id: 1.10]: GET 'http://www.advantageonlineshopping.com/catalog/api/v1/categories' done. Status 200 . HTTP/1.1
[15:59:45.03] Trace: Response 'http://www.advantageonlineshopping.com/catalog/api/v1/categories': 
HTTP/1.1 200 
Transfer-Encoding: chunked
Cache-Control: no-store
Connection: keep-alive
Content-Encoding: gzip
Content-Type: application/json
Date: Wed, 10 Feb 2021 15:59:49 GMT
Expires: 0
Server: nginx/1.14.0 (Ubuntu)
Vary: accept-encoding
X-Content-Type-Options: nosniff
X-Frame-Options: DENY
X-Xss-Protection: 1; mode=block


[15:59:45.03] Trace: Request [Id: 1.15]: Connection reused from 192.168.172.245:50780 to 107.23.171.213:80.
[15:59:45.06] Debug: Request [Id: 1.14]: GET 'http://www.advantageonlineshopping.com/catalog/fetchImage?image_id=1236' done. Status 500 . HTTP/1.1
[15:59:45.06] Trace: Response 'http://www.advantageonlineshopping.com/catalog/fetchImage?image_id=1236': 
HTTP/1.1 500 
Content-Length: 298
Connection: keep-alive
Content-Language: en-US
Content-Type: text/html;charset=UTF-8
Date: Wed, 10 Feb 2021 15:59:49 GMT
Server: nginx/1.14.0 (Ubuntu)


[15:59:45.06] Warning: HTTP Status-Code=500 for 'http://www.advantageonlineshopping.com/catalog/fetchImage?image_id=1236'.
[15:59:45.06] Trace: Response body: 
[15:59:45.06] Trace: Request [Id: 1.12]: Connection reused from 192.168.172.245:50779 to 107.23.171.213:80.
[15:59:46.19] Debug: Request [Id: 1.11]: GET 'http://www.advantageonlineshopping.com/catalog/api/v1/deals/search?dealOfTheDay=true' done. Status 200 . HTTP/1.1
[15:59:46.19] Trace: Response 'http://www.advantageonlineshopping.com/catalog/api/v1/deals/search?dealOfTheDay=true': 
HTTP/1.1 200 
Transfer-Encoding: chunked
Cache-Control: no-store
Connection: keep-alive
Content-Encoding: gzip
Content-Type: application/json
Date: Wed, 10 Feb 2021 15:59:50 GMT
Expires: 0
Server: nginx/1.14.0 (Ubuntu)
Vary: accept-encoding
X-Content-Type-Options: nosniff
X-Frame-Options: DENY
X-Xss-Protection: 1; mode=block


[15:59:46.19] Trace: Request [Id: 1.13]: Connection reused from 192.168.172.245:50744 to 107.23.171.213:80.
[15:59:46.51] Trace: Request [Id: 1.29]: Connection reused from 192.168.172.245:50781 to 107.23.171.213:80.
[15:59:47.67] Debug: Request [Id: 1.15]: GET 'http://www.advantageonlineshopping.com/catalog/fetchImage?image_id=1235' done. Status 500 . HTTP/1.1
[15:59:47.67] Trace: Response 'http://www.advantageonlineshopping.com/catalog/fetchImage?image_id=1235': 
HTTP/1.1 500 
Content-Length: 298
Connection: keep-alive
Content-Language: en-US
Content-Type: text/html;charset=UTF-8
Date: Wed, 10 Feb 2021 15:59:51 GMT
Server: nginx/1.14.0 (Ubuntu)


[15:59:47.67] Warning: HTTP Status-Code=500 for 'http://www.advantageonlineshopping.com/catalog/fetchImage?image_id=1235'.
[15:59:47.67] Trace: Response body: 
[15:59:47.70] Debug: Request [Id: 1.12]: GET 'http://www.advantageonlineshopping.com/css/images/arrow_right.png' done. Status 200 . HTTP/1.1
[15:59:47.70] Trace: Response 'http://www.advantageonlineshopping.com/css/images/arrow_right.png': 
HTTP/1.1 200 
Content-Length: 996
Accept-Ranges: bytes
Cache-Control: max-age=864000
Connection: keep-alive
Content-Type: image/png
Date: Wed, 10 Feb 2021 15:59:52 GMT
Etag: W/"996-1612199286000"
Expires: Sat, 20 Feb 2021 15:59:52 GMT
Last-Modified: Mon, 01 Feb 2021 17:08:06 GMT
Server: nginx/1.14.0 (Ubuntu)


[15:59:48.23] Debug: Request [Id: 1.13]: GET 'http://www.advantageonlineshopping.com/catalog/fetchImage?image_id=1237' done. Status 500 . HTTP/1.1
[15:59:48.23] Trace: Response 'http://www.advantageonlineshopping.com/catalog/fetchImage?image_id=1237': 
HTTP/1.1 500 
Content-Length: 298
Connection: keep-alive
Content-Language: en-US
Content-Type: text/html;charset=UTF-8
Date: Wed, 10 Feb 2021 15:59:52 GMT
Server: nginx/1.14.0 (Ubuntu)


[15:59:48.23] Warning: HTTP Status-Code=500 for 'http://www.advantageonlineshopping.com/catalog/fetchImage?image_id=1237'.
[15:59:48.23] Trace: Response body: 
[15:59:48.36] Debug: Request [Id: 1.29]: GET 'http://www.advantageonlineshopping.com/css/images/Popular-item1.jpg' done. Status 200 . HTTP/1.1
[15:59:48.36] Trace: Response 'http://www.advantageonlineshopping.com/css/images/Popular-item1.jpg': 
HTTP/1.1 200 
Content-Length: 42737
Accept-Ranges: bytes
Cache-Control: max-age=864000
Connection: keep-alive
Content-Type: image/jpeg
Date: Wed, 10 Feb 2021 15:59:52 GMT
Etag: W/"42737-1612199286000"
Expires: Sat, 20 Feb 2021 15:59:52 GMT
Last-Modified: Mon, 01 Feb 2021 17:08:06 GMT
Server: nginx/1.14.0 (Ubuntu)


[15:59:52.12] Info: WebRequest [Id: 1] 'http://www.advantageonlineshopping.com/' completed. (30 request(s) sent, 1194523 bytes downloaded)	(./main.js:64:8)
[15:59:52.14] Info: WebRequest [Id: 2] 'http://www.advantageonlineshopping.com/accountservice/GetAccountConfigurationRequest' registered to send (sync).	(./main.js:86:8)
[15:59:52.14] Trace: Request [Id: 2] 'http://www.advantageonlineshopping.com/accountservice/GetAccountConfigurationRequest': 
POST /accountservice/GetAccountConfigurationRequest HTTP/1.1
Host: www.advantageonlineshopping.com
User-Agent: Mozilla/5.0 (Windows NT 6.1; Win64; x64) AppleWebKit/537.36 (KHTML, like Gecko) Chrome/63.0.3239.132 Safari/537.36
Content-Length: 413
Accept: application/xml, text/xml, */*; q=0.01
Accept-Encoding: gzip, deflate
Accept-Language: en-US,en;q=0.9
Content-Type: text/xml; charset=UTF-8
Origin: http://www.advantageonlineshopping.com
Referer: http://www.advantageonlineshopping.com/
Soapaction: com.advantage.online.store.accountserviceGetAccountConfigurationRequest
X-Requested-With: XMLHttpRequest

<?xml version="1.0" encoding="UTF-8"?>
<soap:Envelope xmlns:soap="http://schemas.xmlsoap.org/soap/envelope/"
               xmlns:xsd="http://www.w3.org/2001/XMLSchema" xmlns:xsi="http://www.w3.org/2001/XMLSchema-instance">
    <soap:Body>
        <GetAccountConfigurationRequest
                xmlns="com.advantage.online.store.accountservice"></GetAccountConfigurationRequest>
    </soap:Body>
</soap:Envelope>
[15:59:52.14] Debug: Request [Id: 2]: POST 'http://www.advantageonlineshopping.com/accountservice/GetAccountConfigurationRequest' started.
[15:59:52.14] Trace: Request [Id: 2]: Connection reused from 192.168.172.245:50777 to 107.23.171.213:80.
[15:59:52.37] Debug: Request [Id: 2]: POST 'http://www.advantageonlineshopping.com/accountservice/GetAccountConfigurationRequest' done. Status 404 . HTTP/1.1
[15:59:52.37] Trace: Response 'http://www.advantageonlineshopping.com/accountservice/GetAccountConfigurationRequest': 
HTTP/1.1 404 
Transfer-Encoding: chunked
Access-Control-Allow-Headers: Origin, X-Requested-With, Content-Type, Accept, Key, soapaction
Access-Control-Allow-Methods: POST, GET, OPTIONS, DELETE
Access-Control-Allow-Origin: *
Access-Control-Max-Age: 3600
Access-Control-Request-Method: POST, GET, OPTIONS, DELETE
Cache-Control: no-store
Connection: keep-alive
Content-Encoding: gzip
Content-Language: en
Content-Type: text/html;charset=ISO-8859-1
Date: Wed, 10 Feb 2021 15:59:56 GMT
Expires: 0
Pragma: no-cache
Server: nginx/1.14.0 (Ubuntu)
X-Content-Type-Options: nosniff
X-Frame-Options: DENY
X-Xss-Protection: 1; mode=block


[15:59:52.37] Info: WebRequest [Id: 2] 'http://www.advantageonlineshopping.com/accountservice/GetAccountConfigurationRequest' completed. (1 request(s) sent, 644 bytes downloaded)	(./main.js:86:8)
[15:59:52.38] Error: Vuser action was stopped after receiving HTTP error: 'HTTP Status-Code=404 for http://www.advantageonlineshopping.com/accountservice/GetAccountConfigurationRequest'.	(./main.js:86:8)
[15:59:52.38] Info: Transaction 'AOS_landing_page' ended with a 'Failed' status (Duration: 19389 ms.).
[15:59:52.38] Info: Ending iteration 1.
[15:59:52.38] Info: Starting finalize.
[15:59:52.38] Info: Ending finalize.
